#separator \x09
#set_separator	,
#empty_field	(empty)
#unset_field	-
#path	opcua-binary
#open	2022-01-19-19-08-25
#fields	ts	uid	id.orig_h	id.orig_p	id.resp_h	id.resp_p	opcua_id	msg_type	is_final	msg_size	error	reason	version	rcv_buf_size	snd_buf_size	max_msg_size	max_chunk_cnt	endpoint_url	sec_channel_id	sec_policy_uri_len	sec_policy_uri	snd_cert_len	snd_cert	rcv_cert_len	rcv_cert	seq_number	request_id	encoding_mask	namespace_idx	identifier	identifier_str	req_hdr_node_id_type	req_hdr_node_id_namespace_idx	req_hdr_node_id_numeric	req_hdr_node_id_string	req_hdr_node_id_guid	req_hdr_node_id_opaque	req_hdr_timestamp	req_hdr_request_handle	req_hdr_return_diag	req_hdr_audit_entry_id	req_hdr_timeout_hint	req_hdr_add_hdr_type_id	req_hdr_add_hdr_enc_mask	res_hdr_timestamp	res_hdr_request_handle	res_hdr_service_result	res_hdr_service_diag_encoding	res_hdr_add_hdr_type_id	res_hdr_add_hdr_enc_mask
#types	time	string	addr	port	addr	port	string	string	string	count	count	string	count	count	count	count	count	string	count	int	string	int	string	int	string	count	count	count	count	count	string	string	count	count	string	string	string	time	count	count	string	time	count	count	time	count	count	count	count	count
1579702060.414112	C68aX9n33SWIWu9ak	::1	56321	::1	4840	e12f9785847b5bca8c	HEL	F	56	-	-	0	65535	65535	0	0	opc.tcp://localhost:4840	-	-	-	-	-	-	-	-	-	-	-	-	-	-	-	-	-	-	-	-	-	-	-	-	-	-	-	-	-	-	-	-
1579702060.476751	C68aX9n33SWIWu9ak	::1	56321	::1	4840	cc829670a0f99db6c6	ACK	F	28	-	-	0	65535	65535	0	0	-	-	-	-	-	-	-	-	-	-	-	-	-	-	-	-	-	-	-	-	-	-	-	-	-	-	-	-	-	-	-	-	-
1579702060.476933	C68aX9n33SWIWu9ak	::1	56321	::1	4840	3dab8346a6170fb929	OPN	F	132	-	-	-	-	-	-	-	-	0	47	http://opcfoundation.org/UA/SecurityPolicy#None	-1	-	-1	-	1	1	1	0	446	OpenSecureChannelRequest	0x00	-	0	-	-	-	1579702060.476898	0	0	(empty)	0.000000	0	0	-	-	-	-	-	-
1579702060.526839	C68aX9n33SWIWu9ak	::1	56321	::1	4840	398b534e0b6a357695	OPN	F	135	-	-	-	-	-	-	-	-	3	47	http://opcfoundation.org/UA/SecurityPolicy#None	-1	-	-1	-	1	1	1	0	449	OpenSecureChannelResponse	-	-	-	-	-	-	-	-	-	-	-	-	-	1579702060.526777	0	0	0	0	0
1579702060.527108	C68aX9n33SWIWu9ak	::1	56321	::1	4840	aa0a4910b597eaf890	MSG	F	93	-	-	-	3	-	-	-	-	3	-	-	-	-	-	-	2	2	1	0	428	GetEndpointsRequest	0x00	-	0	-	-	-	1579702060.527081	1	0	(empty)	10000.000000	0	0	-	-	-	-	-	-
1579702060.580210	C68aX9n33SWIWu9ak	::1	56321	::1	4840	20f46759ce1447cbe7	MSG	F	476	-	-	-	3	-	-	-	-	3	-	-	-	-	-	-	2	2	1	0	431	GetEndpointsResponse	-	-	-	-	-	-	-	-	-	-	-	-	-	1579702060.580164	1	0	0	0	0
1579702060.580353	C68aX9n33SWIWu9ak	::1	56321	::1	4840	fb46690aeaafaa26ba	CLO	F	57	-	-	-	3	-	-	-	-	3	-	-	-	-	-	-	3	3	1	0	452	CloseSecureChannelRequest	0x00	-	0	-	-	-	1579702060.580334	1	0	(empty)	10000.000000	0	0	-	-	-	-	-	-
1579702060.581559	CswnmC1eArbeJkuV3h	::1	56322	::1	4840	c8815b7fa6630d34d0	HEL	F	56	-	-	0	65535	65535	0	0	opc.tcp://localhost:4840	-	-	-	-	-	-	-	-	-	-	-	-	-	-	-	-	-	-	-	-	-	-	-	-	-	-	-	-	-	-	-	-
1579702060.684253	CswnmC1eArbeJkuV3h	::1	56322	::1	4840	27d34df5908c50a0f8	ACK	F	28	-	-	0	65535	65535	0	0	-	-	-	-	-	-	-	-	-	-	-	-	-	-	-	-	-	-	-	-	-	-	-	-	-	-	-	-	-	-	-	-	-
1579702060.684416	CswnmC1eArbeJkuV3h	::1	56322	::1	4840	2ae6fe0aff8a585e7a	OPN	F	132	-	-	-	-	-	-	-	-	0	47	http://opcfoundation.org/UA/SecurityPolicy#None	-1	-	-1	-	1	1	1	0	446	OpenSecureChannelRequest	0x00	-	0	-	-	-	1579702060.684399	0	0	(empty)	0.000000	0	0	-	-	-	-	-	-
1579702060.737852	CswnmC1eArbeJkuV3h	::1	56322	::1	4840	4bf4dda8f12849f644	OPN	F	135	-	-	-	-	-	-	-	-	4	47	http://opcfoundation.org/UA/SecurityPolicy#None	-1	-	-1	-	1	1	1	0	449	OpenSecureChannelResponse	-	-	-	-	-	-	-	-	-	-	-	-	-	1579702060.737787	0	0	0	0	0
1579702060.738018	CswnmC1eArbeJkuV3h	::1	56322	::1	4840	ac848c18911490f558	MSG	F	93	-	-	-	4	-	-	-	-	4	-	-	-	-	-	-	2	2	1	0	428	GetEndpointsRequest	0x00	-	0	-	-	-	1579702060.738003	2	0	(empty)	10000.000000	0	0	-	-	-	-	-	-
1579702060.792008	CswnmC1eArbeJkuV3h	::1	56322	::1	4840	bd6208175f5e167b04	MSG	F	476	-	-	-	4	-	-	-	-	4	-	-	-	-	-	-	2	2	1	0	431	GetEndpointsResponse	-	-	-	-	-	-	-	-	-	-	-	-	-	1579702060.791981	2	0	0	0	0
1579702060.792187	CswnmC1eArbeJkuV3h	::1	56322	::1	4840	78cf4903adfd87bbeb	MSG	F	166	-	-	-	4	-	-	-	-	4	-	-	-	-	-	-	3	3	1	0	461	CreateSessionRequest	0x00	-	0	-	-	-	1579702060.792173	3	0	(empty)	10000.000000	0	0	-	-	-	-	-	-
1579702060.845710	CswnmC1eArbeJkuV3h	::1	56322	::1	4840	a42e675939534ded6d	MSG	F	578	-	-	-	4	-	-	-	-	4	-	-	-	-	-	-	3	3	1	0	464	CreateSessionResponse	-	-	-	-	-	-	-	-	-	-	-	-	-	1579702060.845678	3	0	0	0	0
1579702060.845807	CswnmC1eArbeJkuV3h	::1	56322	::1	4840	f176a550643368e7ce	MSG	F	161	-	-	-	4	-	-	-	-	4	-	-	-	-	-	-	4	4	1	0	467	ActivateSessionRequest	0x04	1	-	-	39121615-46f3-6d34-fecf-fcbfbacb4c14	-	1579702060.845793	5	0	(empty)	600000.000000	0	0	-	-	-	-	-	-
1579702060.900045	CswnmC1eArbeJkuV3h	::1	56322	::1	4840	4c6bb96f55d02e6190	MSG	F	96	-	-	-	4	-	-	-	-	4	-	-	-	-	-	-	4	4	1	0	470	ActivateSessionResponse	-	-	-	-	-	-	-	-	-	-	-	-	-	1579702060.899994	5	0	0	0	0
1579702060.900273	CswnmC1eArbeJkuV3h	::1	56322	::1	4840	a98c235dc6f37b50fe	MSG	F	113	-	-	-	4	-	-	-	-	4	-	-	-	-	-	-	5	5	1	0	527	BrowseRequest	0x04	1	-	-	39121615-46f3-6d34-fecf-fcbfbacb4c14	-	1579702060.900248	6	0	(empty)	0.000000	0	0	-	-	-	-	-	-
1579702060.952172	CswnmC1eArbeJkuV3h	::1	56322	::1	4840	1e8d46faa850dd9e89	MSG	F	285	-	-	-	4	-	-	-	-	4	-	-	-	-	-	-	5	5	1	0	530	BrowseResponse	-	-	-	-	-	-	-	-	-	-	-	-	-	1579702060.952143	6	0	0	0	0
1579702060.952280	CswnmC1eArbeJkuV3h	::1	56322	::1	4840	aca2aa21113a1b4320	MSG	F	113	-	-	-	4	-	-	-	-	4	-	-	-	-	-	-	6	6	1	0	527	BrowseRequest	0x04	1	-	-	39121615-46f3-6d34-fecf-fcbfbacb4c14	-	1579702060.952265	7	0	(empty)	0.000000	0	0	-	-	-	-	-	-
1579702061.005484	CswnmC1eArbeJkuV3h	::1	56322	::1	4840	b263271ab4b092f995	MSG	F	319	-	-	-	4	-	-	-	-	4	-	-	-	-	-	-	6	6	1	0	530	BrowseResponse	-	-	-	-	-	-	-	-	-	-	-	-	-	1579702061.005426	7	0	0	0	0
1579702061.005753	CswnmC1eArbeJkuV3h	::1	56322	::1	4840	4558aa3fd979642661	MSG	F	96	-	-	-	4	-	-	-	-	4	-	-	-	-	-	-	7	7	1	0	787	CreateSubscriptionRequest	0x04	1	-	-	39121615-46f3-6d34-fecf-fcbfbacb4c14	-	1579702061.005722	8	0	(empty)	0.000000	0	0	-	-	-	-	-	-
1579702061.059151	CswnmC1eArbeJkuV3h	::1	56322	::1	4840	f40a5a2ada6c746f09	MSG	F	72	-	-	-	4	-	-	-	-	4	-	-	-	-	-	-	7	7	1	0	790	CreateSubscriptionResponse	-	-	-	-	-	-	-	-	-	-	-	-	-	1579702061.059109	8	0	0	0	0
1579702061.059315	CswnmC1eArbeJkuV3h	::1	56322	::1	4840	dfcb9aa3a6cf197e3f	MSG	F	141	-	-	-	4	-	-	-	-	4	-	-	-	-	-	-	8	8	1	0	751	CreateMonitoredItemsRequest	0x04	1	-	-	39121615-46f3-6d34-fecf-fcbfbacb4c14	-	1579702061.059294	9	0	(empty)	0.000000	0	0	-	-	-	-	-	-
1579702061.111496	CswnmC1eArbeJkuV3h	::1	56322	::1	4840	1c608afeceff7e2d55	MSG	F	83	-	-	-	4	-	-	-	-	4	-	-	-	-	-	-	8	8	1	0	754	CreateMonitoredItemsResponse	-	-	-	-	-	-	-	-	-	-	-	-	-	1579702061.111462	9	0	0	0	0
1579702061.111641	CswnmC1eArbeJkuV3h	::1	56322	::1	4840	e51665f2cd64553bdc	MSG	F	78	-	-	-	4	-	-	-	-	4	-	-	-	-	-	-	9	9	1	0	826	PublishRequest	0x04	1	-	-	39121615-46f3-6d34-fecf-fcbfbacb4c14	-	1579702061.111618	10	0	(empty)	60000.000000	0	0	-	-	-	-	-	-
1579702061.111707	CswnmC1eArbeJkuV3h	::1	56322	::1	4840	5eca53ae2e8e92ca44	MSG	F	78	-	-	-	4	-	-	-	-	4	-	-	-	-	-	-	10	10	1	0	826	PublishRequest	0x04	1	-	-	39121615-46f3-6d34-fecf-fcbfbacb4c14	-	1579702061.111671	11	0	(empty)	60000.000000	0	0	-	-	-	-	-	-
1579702061.111735	CswnmC1eArbeJkuV3h	::1	56322	::1	4840	9bd87138725d10fef2	MSG	F	78	-	-	-	4	-	-	-	-	4	-	-	-	-	-	-	11	11	1	0	826	PublishRequest	0x04	1	-	-	39121615-46f3-6d34-fecf-fcbfbacb4c14	-	1579702061.111725	12	0	(empty)	60000.000000	0	0	-	-	-	-	-	-
1579702061.111777	CswnmC1eArbeJkuV3h	::1	56322	::1	4840	6853ef69d49cb929df	MSG	F	78	-	-	-	4	-	-	-	-	4	-	-	-	-	-	-	12	12	1	0	826	PublishRequest	0x04	1	-	-	39121615-46f3-6d34-fecf-fcbfbacb4c14	-	1579702061.111740	13	0	(empty)	60000.000000	0	0	-	-	-	-	-	-
1579702061.111805	CswnmC1eArbeJkuV3h	::1	56322	::1	4840	ba1e5a566f51e04364	MSG	F	78	-	-	-	4	-	-	-	-	4	-	-	-	-	-	-	13	13	1	0	826	PublishRequest	0x04	1	-	-	39121615-46f3-6d34-fecf-fcbfbacb4c14	-	1579702061.111792	14	0	(empty)	60000.000000	0	0	-	-	-	-	-	-
1579702061.111904	CswnmC1eArbeJkuV3h	::1	56322	::1	4840	0b1bb4d2102b3c4f2a	MSG	F	78	-	-	-	4	-	-	-	-	4	-	-	-	-	-	-	14	14	1	0	826	PublishRequest	0x04	1	-	-	39121615-46f3-6d34-fecf-fcbfbacb4c14	-	1579702061.111885	15	0	(empty)	60000.000000	0	0	-	-	-	-	-	-
1579702061.111951	CswnmC1eArbeJkuV3h	::1	56322	::1	4840	835210b3f6b693fc46	MSG	F	78	-	-	-	4	-	-	-	-	4	-	-	-	-	-	-	15	15	1	0	826	PublishRequest	0x04	1	-	-	39121615-46f3-6d34-fecf-fcbfbacb4c14	-	1579702061.111919	16	0	(empty)	60000.000000	0	0	-	-	-	-	-	-
1579702061.111962	CswnmC1eArbeJkuV3h	::1	56322	::1	4840	907cf38b379f6b941c	MSG	F	78	-	-	-	4	-	-	-	-	4	-	-	-	-	-	-	18	18	1	0	826	PublishRequest	0x04	1	-	-	39121615-46f3-6d34-fecf-fcbfbacb4c14	-	1579702061.111948	19	0	(empty)	60000.000000	0	0	-	-	-	-	-	-
1579702061.559279	CswnmC1eArbeJkuV3h	::1	56322	::1	4840	9ec119313ff6fdd0eb	MSG	F	85	-	-	-	4	-	-	-	-	4	-	-	-	-	-	-	9	9	1	0	829	PublishResponse	-	-	-	-	-	-	-	-	-	-	-	-	-	1579702061.559225	10	0	0	0	0
1579702061.559475	CswnmC1eArbeJkuV3h	::1	56322	::1	4840	13f3702ef090233ef5	MSG	F	78	-	-	-	4	-	-	-	-	4	-	-	-	-	-	-	19	19	1	0	826	PublishRequest	0x04	1	-	-	39121615-46f3-6d34-fecf-fcbfbacb4c14	-	1579702061.559446	20	0	(empty)	60000.000000	0	0	-	-	-	-	-	-
1579702061.559592	CswnmC1eArbeJkuV3h	::1	56322	::1	4840	2f57b216f2e6334fa8	MSG	F	121	-	-	-	4	-	-	-	-	4	-	-	-	-	-	-	20	20	1	0	631	ReadRequest	0x04	1	-	-	39121615-46f3-6d34-fecf-fcbfbacb4c14	-	1579702061.559570	21	0	(empty)	0.000000	0	0	-	-	-	-	-	-
1579702061.610073	CswnmC1eArbeJkuV3h	::1	56322	::1	4840	b300afd114d702716f	MSG	F	65	-	-	-	4	-	-	-	-	4	-	-	-	-	-	-	10	20	1	0	634	ReadResponse	-	-	-	-	-	-	-	-	-	-	-	-	-	1579702061.610031	21	0	0	0	0
1579702061.610203	CswnmC1eArbeJkuV3h	::1	56322	::1	4840	230408be922d4caf5f	MSG	F	109	-	-	-	4	-	-	-	-	4	-	-	-	-	-	-	21	21	1	0	673	WriteRequest	0x04	1	-	-	39121615-46f3-6d34-fecf-fcbfbacb4c14	-	1579702061.610180	22	0	(empty)	0.000000	0	0	-	-	-	-	-	-
1579702061.660937	CswnmC1eArbeJkuV3h	::1	56322	::1	4840	9737d2aff15176a2da	MSG	F	64	-	-	-	4	-	-	-	-	4	-	-	-	-	-	-	11	21	1	0	676	WriteResponse	-	-	-	-	-	-	-	-	-	-	-	-	-	1579702061.660894	22	0	0	0	0
1579702061.661137	CswnmC1eArbeJkuV3h	::1	56322	::1	4840	e159d0fec99691adb1	MSG	F	109	-	-	-	4	-	-	-	-	4	-	-	-	-	-	-	22	22	1	0	673	WriteRequest	0x04	1	-	-	39121615-46f3-6d34-fecf-fcbfbacb4c14	-	1579702061.661108	23	0	(empty)	0.000000	0	0	-	-	-	-	-	-
1579702061.714164	CswnmC1eArbeJkuV3h	::1	56322	::1	4840	7f1dd8b0fd17e21acc	MSG	F	64	-	-	-	4	-	-	-	-	4	-	-	-	-	-	-	12	22	1	0	676	WriteResponse	-	-	-	-	-	-	-	-	-	-	-	-	-	1579702061.714132	23	0	0	0	0
1579702061.818239	CswnmC1eArbeJkuV3h	::1	56322	::1	4840	5741a2acb8292d823c	MSG	F	82	-	-	-	4	-	-	-	-	4	-	-	-	-	-	-	23	23	1	0	847	DeleteSubscriptionsRequest	0x04	1	-	-	39121615-46f3-6d34-fecf-fcbfbacb4c14	-	1579702061.818203	24	0	(empty)	0.000000	0	0	-	-	-	-	-	-
1579702061.864392	CswnmC1eArbeJkuV3h	::1	56322	::1	4840	285eda9e9f719158e3	MSG	F	85	-	-	-	4	-	-	-	-	4	-	-	-	-	-	-	13	10	1	0	829	PublishResponse	-	-	-	-	-	-	-	-	-	-	-	-	-	1579702061.864351	11	2155413504	0	0	0
1579702061.864415	CswnmC1eArbeJkuV3h	::1	56322	::1	4840	6a2df89b34f5939838	MSG	F	85	-	-	-	4	-	-	-	-	4	-	-	-	-	-	-	14	11	1	0	829	PublishResponse	-	-	-	-	-	-	-	-	-	-	-	-	-	1579702061.864403	12	2155413504	0	0	0
1579702061.864427	CswnmC1eArbeJkuV3h	::1	56322	::1	4840	9bf4e9996f01eb5a49	MSG	F	85	-	-	-	4	-	-	-	-	4	-	-	-	-	-	-	15	12	1	0	829	PublishResponse	-	-	-	-	-	-	-	-	-	-	-	-	-	1579702061.864420	13	2155413504	0	0	0
1579702061.864440	CswnmC1eArbeJkuV3h	::1	56322	::1	4840	e2bf9217343ca11ff4	MSG	F	85	-	-	-	4	-	-	-	-	4	-	-	-	-	-	-	16	13	1	0	829	PublishResponse	-	-	-	-	-	-	-	-	-	-	-	-	-	1579702061.864429	14	2155413504	0	0	0
1579702061.864451	CswnmC1eArbeJkuV3h	::1	56322	::1	4840	a03bc98ee896de3eef	MSG	F	85	-	-	-	4	-	-	-	-	4	-	-	-	-	-	-	17	14	1	0	829	PublishResponse	-	-	-	-	-	-	-	-	-	-	-	-	-	1579702061.864443	15	2155413504	0	0	0
1579702061.864469	CswnmC1eArbeJkuV3h	::1	56322	::1	4840	bdfb1039d946a77fd2	MSG	F	85	-	-	-	4	-	-	-	-	4	-	-	-	-	-	-	18	15	1	0	829	PublishResponse	-	-	-	-	-	-	-	-	-	-	-	-	-	1579702061.864454	16	2155413504	0	0	0
1579702061.864489	CswnmC1eArbeJkuV3h	::1	56322	::1	4840	279aa2e293c73af252	MSG	F	85	-	-	-	4	-	-	-	-	4	-	-	-	-	-	-	19	16	1	0	829	PublishResponse	-	-	-	-	-	-	-	-	-	-	-	-	-	1579702061.864473	17	2155413504	0	0	0
1579702061.864509	CswnmC1eArbeJkuV3h	::1	56322	::1	4840	21a35859ce6f69dd1d	MSG	F	85	-	-	-	4	-	-	-	-	4	-	-	-	-	-	-	20	17	1	0	829	PublishResponse	-	-	-	-	-	-	-	-	-	-	-	-	-	1579702061.864494	18	2155413504	0	0	0
1579702061.864534	CswnmC1eArbeJkuV3h	::1	56322	::1	4840	cd1371786dcf85c158	MSG	F	85	-	-	-	4	-	-	-	-	4	-	-	-	-	-	-	21	18	1	0	829	PublishResponse	-	-	-	-	-	-	-	-	-	-	-	-	-	1579702061.864513	19	2155413504	0	0	0
1579702061.864554	CswnmC1eArbeJkuV3h	::1	56322	::1	4840	203c874f62ffef3f44	MSG	F	85	-	-	-	4	-	-	-	-	4	-	-	-	-	-	-	22	19	1	0	829	PublishResponse	-	-	-	-	-	-	-	-	-	-	-	-	-	1579702061.864540	20	2155413504	0	0	0
1579702061.864578	CswnmC1eArbeJkuV3h	::1	56322	::1	4840	e8c6edbf5a57dbcada	MSG	F	64	-	-	-	4	-	-	-	-	4	-	-	-	-	-	-	23	23	1	0	850	DeleteSubscriptionsResponse	-	-	-	-	-	-	-	-	-	-	-	-	-	1579702061.864567	24	0	0	0	0
1579702061.865224	CswnmC1eArbeJkuV3h	::1	56322	::1	4840	a59c5d0ae3c3ffc467	MSG	F	105	-	-	-	4	-	-	-	-	4	-	-	-	-	-	-	24	24	1	0	712	CallRequest	0x04	1	-	-	39121615-46f3-6d34-fecf-fcbfbacb4c14	-	1579702061.865204	25	0	(empty)	0.000000	0	0	-	-	-	-	-	-
1579702061.918387	CswnmC1eArbeJkuV3h	::1	56322	::1	4840	fc0177884535713971	MSG	F	76	-	-	-	4	-	-	-	-	4	-	-	-	-	-	-	24	24	1	0	715	CallResponse	-	-	-	-	-	-	-	-	-	-	-	-	-	1579702061.918352	25	0	0	0	0
1579702061.918523	CswnmC1eArbeJkuV3h	::1	56322	::1	4840	a996bdd8dd8db90195	MSG	F	256	-	-	-	4	-	-	-	-	4	-	-	-	-	-	-	25	25	1	0	488	AddNodesRequest	0x04	1	-	-	39121615-46f3-6d34-fecf-fcbfbacb4c14	-	1579702061.918505	26	0	(empty)	0.000000	0	0	-	-	-	-	-	-
1579702061.972535	CswnmC1eArbeJkuV3h	::1	56322	::1	4840	8a336859f570a98bad	MSG	F	66	-	-	-	4	-	-	-	-	4	-	-	-	-	-	-	25	25	1	0	491	AddNodesResponse	-	-	-	-	-	-	-	-	-	-	-	-	-	1579702061.972486	26	0	0	0	0
1579702061.972698	CswnmC1eArbeJkuV3h	::1	56322	::1	4840	85c06418c48e69f7e9	MSG	F	208	-	-	-	4	-	-	-	-	4	-	-	-	-	-	-	26	26	1	0	488	AddNodesRequest	0x04	1	-	-	39121615-46f3-6d34-fecf-fcbfbacb4c14	-	1579702061.972670	27	0	(empty)	0.000000	0	0	-	-	-	-	-	-
1579702062.026363	CswnmC1eArbeJkuV3h	::1	56322	::1	4840	954673a536534ffcbb	MSG	F	66	-	-	-	4	-	-	-	-	4	-	-	-	-	-	-	26	26	1	0	491	AddNodesResponse	-	-	-	-	-	-	-	-	-	-	-	-	-	1579702062.026295	27	0	0	0	0
1579702062.026515	CswnmC1eArbeJkuV3h	::1	56322	::1	4840	e0dd4c3531e4efd332	MSG	F	209	-	-	-	4	-	-	-	-	4	-	-	-	-	-	-	27	27	1	0	488	AddNodesRequest	0x04	1	-	-	39121615-46f3-6d34-fecf-fcbfbacb4c14	-	1579702062.026491	28	0	(empty)	0.000000	0	0	-	-	-	-	-	-
1579702062.080039	CswnmC1eArbeJkuV3h	::1	56322	::1	4840	8fbf2c4868eeaeb651	MSG	F	68	-	-	-	4	-	-	-	-	4	-	-	-	-	-	-	27	27	1	0	491	AddNodesResponse	-	-	-	-	-	-	-	-	-	-	-	-	-	1579702062.079998	28	0	0	0	0
1579702062.080234	CswnmC1eArbeJkuV3h	::1	56322	::1	4840	9aadb6ff6853f049fc	MSG	F	263	-	-	-	4	-	-	-	-	4	-	-	-	-	-	-	28	28	1	0	488	AddNodesRequest	0x04	1	-	-	39121615-46f3-6d34-fecf-fcbfbacb4c14	-	1579702062.080204	29	0	(empty)	0.000000	0	0	-	-	-	-	-	-
1579702062.134240	CswnmC1eArbeJkuV3h	::1	56322	::1	4840	3447d47604f2ba000f	MSG	F	68	-	-	-	4	-	-	-	-	4	-	-	-	-	-	-	28	28	1	0	491	AddNodesResponse	-	-	-	-	-	-	-	-	-	-	-	-	-	1579702062.134199	29	0	0	0	0
1579702062.134433	CswnmC1eArbeJkuV3h	::1	56322	::1	4840	dd945d4040681d1138	MSG	F	75	-	-	-	4	-	-	-	-	4	-	-	-	-	-	-	29	29	1	0	473	CloseSessionRequest	0x04	1	-	-	39121615-46f3-6d34-fecf-fcbfbacb4c14	-	1579702062.134413	30	0	(empty)	10000.000000	0	0	-	-	-	-	-	-
1579702062.184755	CswnmC1eArbeJkuV3h	::1	56322	::1	4840	d258227ef5138051c1	MSG	F	52	-	-	-	4	-	-	-	-	4	-	-	-	-	-	-	29	29	1	0	476	CloseSessionResponse	-	-	-	-	-	-	-	-	-	-	-	-	-	1579702062.184729	30	0	0	0	0
1579702062.184875	CswnmC1eArbeJkuV3h	::1	56322	::1	4840	aaefd149253bbe1397	CLO	F	57	-	-	-	4	-	-	-	-	4	-	-	-	-	-	-	30	30	1	0	452	CloseSecureChannelRequest	0x00	-	0	-	-	-	1579702062.184860	1	0	(empty)	10000.000000	0	0	-	-	-	-	-	-
#close	2022-01-19-19-08-25
